frontend/android/app/build/intermediates/manifest_merge_blame_file/debug/manifest-merger-blame-debug-report.txt
1<?xml version="1.0" encoding="utf-8"?>
2<manifest xmlns:android="http://schemas.android.com/apk/res/android"
3    package="com.firebase.host.exp.exponent"
4    android:versionCode="1"
5    android:versionName="1.0.0" >
6
7    <uses-sdk
8        android:minSdkVersion="21"
9        android:targetSdkVersion="28" />
10
11    <uses-permission android:name="android.permission.SYSTEM_ALERT_WINDOW" />
11-->src\main\AndroidManifest.xml:3:3-75
11-->src\main\AndroidManifest.xml:3:20-73
12    <uses-permission android:name="android.permission.INTERNET" />
12-->src\main\AndroidManifest.xml:2:3-64
12-->src\main\AndroidManifest.xml:2:20-62
13    <uses-permission android:name="android.permission.MANAGE_DOCUMENTS" />
13-->src\main\AndroidManifest.xml:4:3-72
13-->src\main\AndroidManifest.xml:4:20-70
14    <uses-permission android:name="android.permission.READ_INTERNAL_STORAGE" />
14-->src\main\AndroidManifest.xml:5:3-77
14-->src\main\AndroidManifest.xml:5:20-75
15    <uses-permission android:name="android.permission.READ_PHONE_STATE" />
15-->src\main\AndroidManifest.xml:6:3-72
15-->src\main\AndroidManifest.xml:6:20-70
16    <uses-permission android:name="android.permission.USE_FINGERPRINT" />
16-->src\main\AndroidManifest.xml:7:3-71
16-->src\main\AndroidManifest.xml:7:20-69
17    <uses-permission android:name="android.permission.VIBRATE" />
17-->src\main\AndroidManifest.xml:8:3-63
17-->src\main\AndroidManifest.xml:8:20-61
18    <uses-permission android:name="android.permission.MODIFY_AUDIO_SETTINGS" />
18-->src\main\AndroidManifest.xml:9:3-77
18-->src\main\AndroidManifest.xml:9:20-75
19    <uses-permission android:name="android.permission.ACCESS_COARSE_LOCATION" />
19-->src\main\AndroidManifest.xml:10:3-78
19-->src\main\AndroidManifest.xml:10:20-76
20    <uses-permission android:name="android.permission.ACCESS_FINE_LOCATION" />
20-->src\main\AndroidManifest.xml:11:3-76
20-->src\main\AndroidManifest.xml:11:20-74
21    <uses-permission android:name="android.permission.CAMERA" />
21-->src\main\AndroidManifest.xml:12:3-62
21-->src\main\AndroidManifest.xml:12:20-60
22    <uses-permission android:name="android.permission.READ_CONTACTS" />
22-->src\main\AndroidManifest.xml:13:3-69
22-->src\main\AndroidManifest.xml:13:20-67
23    <uses-permission android:name="android.permission.READ_CALENDAR" />
23-->src\main\AndroidManifest.xml:14:3-69
23-->src\main\AndroidManifest.xml:14:20-67
24    <uses-permission android:name="android.permission.WRITE_CALENDAR" />
24-->src\main\AndroidManifest.xml:15:3-70
24-->src\main\AndroidManifest.xml:15:20-68
25    <uses-permission android:name="android.permission.READ_EXTERNAL_STORAGE" />
25-->src\main\AndroidManifest.xml:16:3-77
25-->src\main\AndroidManifest.xml:16:20-75
26    <uses-permission android:name="android.permission.RECORD_AUDIO" />
26-->src\main\AndroidManifest.xml:17:3-68
26-->src\main\AndroidManifest.xml:17:20-66
27    <uses-permission android:name="android.permission.WRITE_EXTERNAL_STORAGE" />
27-->src\main\AndroidManifest.xml:18:3-78
27-->src\main\AndroidManifest.xml:18:20-76
28    <uses-permission android:name="android.permission.WRITE_SETTINGS" />
28-->src\main\AndroidManifest.xml:19:3-70
28-->src\main\AndroidManifest.xml:19:20-68
29    <uses-permission android:name="android.permission.ACCESS_NETWORK_STATE" />
29-->src\main\AndroidManifest.xml:20:3-76
29-->src\main\AndroidManifest.xml:20:20-74
30    <uses-permission android:name="android.permission.WAKE_LOCK" />
30-->src\main\AndroidManifest.xml:21:3-65
30-->src\main\AndroidManifest.xml:21:20-63
31    <uses-permission android:name="com.google.android.c2dm.permission.RECEIVE" />
31-->src\main\AndroidManifest.xml:22:3-79
31-->src\main\AndroidManifest.xml:22:20-77
32    <uses-permission android:name="android.permission.ACCESS_WIFI_STATE" />
32-->[com.facebook.flipper:flipper:0.33.1] AndroidManifest.xml:16:5-76
32-->[com.facebook.flipper:flipper:0.33.1] AndroidManifest.xml:16:22-73
33    <uses-permission android:name="android.permission.STORAGE" />
33-->[:expo-file-system] AndroidManifest.xml:15:5-66
33-->[:expo-file-system] AndroidManifest.xml:15:22-63
34    <uses-permission android:name="android.permission.FOREGROUND_SERVICE" />
34-->[:expo-location] AndroidManifest.xml:13:5-77
34-->[:expo-location] AndroidManifest.xml:13:22-74
35    <uses-permission android:name="com.google.android.providers.gsf.permission.READ_GSERVICES" />
35-->[io.nlopez.smartlocation:library:3.2.11] AndroidManifest.xml:15:5-98
35-->[io.nlopez.smartlocation:library:3.2.11] AndroidManifest.xml:15:22-95
36    <uses-permission android:name="com.google.android.gms.permission.ACTIVITY_RECOGNITION" />
36-->[io.nlopez.smartlocation:library:3.2.11] AndroidManifest.xml:16:5-94
36-->[io.nlopez.smartlocation:library:3.2.11] AndroidManifest.xml:16:22-91
37
38    <application
38-->src\main\AndroidManifest.xml:23:3-42:17
39        android:name="com.firebase.host.exp.exponent.MainApplication"
39-->src\main\AndroidManifest.xml:23:16-47
40        android:allowBackup="false"
40-->src\main\AndroidManifest.xml:23:162-189
41        android:appComponentFactory="androidx.core.app.CoreComponentFactory"
41-->[androidx.core:core:1.1.0] AndroidManifest.xml:24:18-86
42        android:debuggable="true"
43        android:icon="@mipmap/ic_launcher"
43-->src\main\AndroidManifest.xml:23:81-115
44        android:label="@string/app_name"
44-->src\main\AndroidManifest.xml:23:48-80
45        android:roundIcon="@mipmap/ic_launcher_round"
45-->src\main\AndroidManifest.xml:23:116-161
46        android:theme="@style/AppTheme"
46-->src\main\AndroidManifest.xml:23:190-221
47        android:usesCleartextTraffic="true" >
47-->src\debug\AndroidManifest.xml:6:18-53
48        <meta-data
48-->src\main\AndroidManifest.xml:24:5-103
49            android:name="expo.modules.updates.EXPO_UPDATE_URL"
49-->src\main\AndroidManifest.xml:24:16-67
50            android:value="YOUR-APP-URL-HERE" />
50-->src\main\AndroidManifest.xml:24:68-101
51        <meta-data
51-->src\main\AndroidManifest.xml:25:5-93
52            android:name="expo.modules.updates.EXPO_SDK_VERSION"
52-->src\main\AndroidManifest.xml:25:16-68
53            android:value="38.0.0" />
53-->src\main\AndroidManifest.xml:25:69-91
54        <meta-data
54-->src\main\AndroidManifest.xml:26:5-82
55            android:name="expo.modules.updates.ENABLED"
55-->src\main\AndroidManifest.xml:26:16-59
56            android:value="true" />
56-->src\main\AndroidManifest.xml:26:60-80
57        <meta-data
57-->src\main\AndroidManifest.xml:27:5-105
58            android:name="expo.modules.updates.EXPO_UPDATES_CHECK_ON_LAUNCH"
58-->src\main\AndroidManifest.xml:27:16-80
59            android:value="ALWAYS" />
59-->src\main\AndroidManifest.xml:27:81-103
60        <meta-data
60-->src\main\AndroidManifest.xml:28:5-99
61            android:name="expo.modules.updates.EXPO_UPDATES_LAUNCH_WAIT_MS"
61-->src\main\AndroidManifest.xml:28:16-79
62            android:value="0" />
62-->src\main\AndroidManifest.xml:28:80-97
63
64        <activity
64-->src\main\AndroidManifest.xml:29:5-40:16
65            android:name="com.firebase.host.exp.exponent.MainActivity"
65-->src\main\AndroidManifest.xml:29:15-43
66            android:configChanges="keyboard|keyboardHidden|orientation|screenSize|uiMode"
66-->src\main\AndroidManifest.xml:29:77-154
67            android:label="@string/app_name"
67-->src\main\AndroidManifest.xml:29:44-76
68            android:launchMode="singleTask"
68-->src\main\AndroidManifest.xml:29:155-186
69            android:screenOrientation="portrait"
69-->src\main\AndroidManifest.xml:29:276-312
70            android:theme="@style/Theme.App.SplashScreen"
70-->src\main\AndroidManifest.xml:29:230-275
71            android:windowSoftInputMode="adjustResize" >
71-->src\main\AndroidManifest.xml:29:187-229
72            <intent-filter>
72-->src\main\AndroidManifest.xml:30:7-33:23
73                <action android:name="android.intent.action.MAIN" />
73-->src\main\AndroidManifest.xml:31:9-60
73-->src\main\AndroidManifest.xml:31:17-58
74
75                <category android:name="android.intent.category.LAUNCHER" />
75-->src\main\AndroidManifest.xml:32:9-68
75-->src\main\AndroidManifest.xml:32:19-66
76            </intent-filter>
77            <intent-filter>
77-->src\main\AndroidManifest.xml:34:7-39:23
78                <action android:name="android.intent.action.VIEW" />
78-->src\main\AndroidManifest.xml:35:9-60
78-->src\main\AndroidManifest.xml:35:17-58
79
80                <category android:name="android.intent.category.DEFAULT" />
80-->src\main\AndroidManifest.xml:36:9-67
80-->src\main\AndroidManifest.xml:36:19-65
81                <category android:name="android.intent.category.BROWSABLE" />
81-->src\main\AndroidManifest.xml:37:9-69
81-->src\main\AndroidManifest.xml:37:19-67
82
83                <data android:scheme="com.firebase.host.exp.exponent" />
83-->src\main\AndroidManifest.xml:38:9-64
83-->src\main\AndroidManifest.xml:38:15-62
84            </intent-filter>
85        </activity>
86        <activity android:name="com.facebook.react.devsupport.DevSettingsActivity" />
86-->src\main\AndroidManifest.xml:41:5-81
86-->src\main\AndroidManifest.xml:41:15-79
87
88        <meta-data
88-->[:unimodules-react-native-adapter] AndroidManifest.xml:12:9-14:91
89            android:name="org.unimodules.core.AppLoader#react-native-headless"
89-->[:unimodules-react-native-adapter] AndroidManifest.xml:13:13-79
90            android:value="org.unimodules.adapters.react.apploader.RNHeadlessAppLoader" />
90-->[:unimodules-react-native-adapter] AndroidManifest.xml:14:13-88
91
92        <provider
92-->[:expo-file-system] AndroidManifest.xml:18:9-27:20
93            android:name="expo.modules.filesystem.FileSystemFileProvider"
93-->[:expo-file-system] AndroidManifest.xml:19:13-74
94            android:authorities="com.firebase.host.exp.exponent.FileSystemFileProvider"
94-->[:expo-file-system] AndroidManifest.xml:20:13-74
95            android:exported="false"
95-->[:expo-file-system] AndroidManifest.xml:21:13-37
96            android:grantUriPermissions="true" >
96-->[:expo-file-system] AndroidManifest.xml:22:13-47
97            <meta-data
97-->[:expo-file-system] AndroidManifest.xml:24:13-26:70
98                android:name="android.support.FILE_PROVIDER_PATHS"
98-->[:expo-file-system] AndroidManifest.xml:25:17-67
99                android:resource="@xml/file_system_provider_paths" />
99-->[:expo-file-system] AndroidManifest.xml:26:17-67
100        </provider>
101
102        <service
102-->[:expo-location] AndroidManifest.xml:16:9-18:40
103            android:name="expo.modules.location.services.LocationTaskService"
103-->[:expo-location] AndroidManifest.xml:17:13-78
104            android:exported="false" />
104-->[:expo-location] AndroidManifest.xml:18:13-37
105
106        <activity
106-->[com.google.android.gms:play-services-base:16.0.1] AndroidManifest.xml:23:9-26:75
107            android:name="com.google.android.gms.common.api.GoogleApiActivity"
107-->[com.google.android.gms:play-services-base:16.0.1] AndroidManifest.xml:24:13-79
108            android:exported="false"
108-->[com.google.android.gms:play-services-base:16.0.1] AndroidManifest.xml:25:13-37
109            android:theme="@android:style/Theme.Translucent.NoTitleBar" />
109-->[com.google.android.gms:play-services-base:16.0.1] AndroidManifest.xml:26:13-72
110
111        <meta-data
111-->[com.google.android.gms:play-services-basement:16.0.1] AndroidManifest.xml:23:9-25:69
112            android:name="com.google.android.gms.version"
112-->[com.google.android.gms:play-services-basement:16.0.1] AndroidManifest.xml:24:13-58
113            android:value="@integer/google_play_services_version" />
113-->[com.google.android.gms:play-services-basement:16.0.1] AndroidManifest.xml:25:13-66
114
115        <service
115-->[androidx.room:room-runtime:2.1.0] AndroidManifest.xml:25:9-27:40
116            android:name="androidx.room.MultiInstanceInvalidationService"
116-->[androidx.room:room-runtime:2.1.0] AndroidManifest.xml:26:13-74
117            android:exported="false" />
117-->[androidx.room:room-runtime:2.1.0] AndroidManifest.xml:27:13-37
118        <service
118-->[io.nlopez.smartlocation:library:3.2.11] AndroidManifest.xml:19:9-21:40
119            android:name="io.nlopez.smartlocation.activity.providers.ActivityGooglePlayServicesProvider$ActivityRecognitionService"
119-->[io.nlopez.smartlocation:library:3.2.11] AndroidManifest.xml:20:13-132
120            android:exported="false" />
120-->[io.nlopez.smartlocation:library:3.2.11] AndroidManifest.xml:21:13-37
121        <service
121-->[io.nlopez.smartlocation:library:3.2.11] AndroidManifest.xml:22:9-24:40
122            android:name="io.nlopez.smartlocation.geofencing.providers.GeofencingGooglePlayServicesProvider$GeofencingService"
122-->[io.nlopez.smartlocation:library:3.2.11] AndroidManifest.xml:23:13-127
123            android:exported="false" />
123-->[io.nlopez.smartlocation:library:3.2.11] AndroidManifest.xml:24:13-37
124        <service
124-->[io.nlopez.smartlocation:library:3.2.11] AndroidManifest.xml:25:9-27:40
125            android:name="io.nlopez.smartlocation.geocoding.providers.AndroidGeocodingProvider$AndroidGeocodingService"
125-->[io.nlopez.smartlocation:library:3.2.11] AndroidManifest.xml:26:13-120
126            android:exported="false" />
126-->[io.nlopez.smartlocation:library:3.2.11] AndroidManifest.xml:27:13-37
127    </application>
128
129</manifest>